<?xml version="1.0" encoding="UTF-8"?>
<testsuite xmlns:xsi="http://www.w3.org/2001/XMLSchema-instance" xsi:noNamespaceSchemaLocation="https://maven.apache.org/surefire/maven-surefire-plugin/xsd/surefire-test-report-3.0.xsd" version="3.0" name="TestSuite" time="3.513" tests="6" errors="0" skipped="5" failures="1">
  <properties>
[...]
</properties>
  <testcase name="setup" classname="com.example.ParallelTest" time="2.612">
    <failure message="&#10;Parameter &apos;browser&apos; is required by BeforeMethod on method setup but has not been marked @Optional or defined&#10;in F:\Mphasis\Phase05\SeleniumTestApp2\src\test\resources\testng.xml" type="org.testng.TestNGException"><![CDATA[org.testng.TestNGException: 

Parameter 'browser' is required by BeforeMethod on method setup but has not been marked @Optional or defined
in F:\Mphasis\Phase05\SeleniumTestApp2\src\test\resources\testng.xml
]]></failure>
  </testcase>
  <testcase name="setup" classname="com.example.ParallelTest" time="0">
    <skipped/>
  </testcase>
  <testcase name="testMethod1" classname="com.example.ParallelTest" time="0">
    <skipped message="&#10;Parameter &apos;browser&apos; is required by BeforeMethod on method setup but has not been marked @Optional or defined&#10;in F:\Mphasis\Phase05\SeleniumTestApp2\src\test\resources\testng.xml"/>
  </testcase>
  <testcase name="teardown" classname="com.example.ParallelTest" time="0">
    <skipped/>
  </testcase>
  <testcase name="teardown" classname="com.example.ParallelTest" time="0">
    <skipped/>
  </testcase>
  <testcase name="testMethod2" classname="com.example.ParallelTest" time="0">
    <skipped message="&#10;Parameter &apos;browser&apos; is required by BeforeMethod on method setup but has not been marked @Optional or defined&#10;in F:\Mphasis\Phase05\SeleniumTestApp2\src\test\resources\testng.xml"/>
  </testcase>
</testsuite>