<?xml version="1.0" encoding="UTF-8"?>
<!-- Generated by org.testng.reporters.JUnitXMLReporter -->
<testsuite ignored="0" hostname="LAPTOP-2L96816T" failures="0" tests="2" name="Test1" time="0.282" errors="0" timestamp="2024-06-05T14:21:39 IST">
  <testcase classname="com.example.ParallelTest" name="@BeforeMethod setup" time="-1.717577499057E9">
    <failure type="org.testng.TestNGException" message="
Parameter &amp;apos;browser&amp;apos; is required by BeforeMethod on method setup but has not been marked @Optional or defined
in F:\Mphasis\Phase05\SeleniumTestApp2\src\test\resources\testng.xml">
      <![CDATA[org.testng.TestNGException: 
Parameter 'browser' is required by BeforeMethod on method setup but has not been marked @Optional or defined
in F:\Mphasis\Phase05\SeleniumTestApp2\src\test\resources\testng.xml
at java.base/java.util.ArrayList.forEach(ArrayList.java:1511)
at java.base/java.util.concurrent.FutureTask.run(FutureTask.java:264)
at java.base/java.util.concurrent.ThreadPoolExecutor.runWorker(ThreadPoolExecutor.java:1136)
at java.base/java.util.concurrent.ThreadPoolExecutor$Worker.run(ThreadPoolExecutor.java:635)
at java.base/java.lang.Thread.run(Thread.java:833)
... Removed 19 stack frames]]>
    </failure>
  </testcase> <!-- @BeforeMethod setup -->
  <testcase classname="com.example.ParallelTest" name="@AfterMethod teardown" time="-1.717577499124E9">
    <skipped/>
  </testcase> <!-- @AfterMethod teardown -->
  <testcase classname="com.example.ParallelTest" name="@BeforeMethod setup" time="-1.717577499128E9">
    <skipped/>
  </testcase> <!-- @BeforeMethod setup -->
  <testcase classname="com.example.ParallelTest" name="@AfterMethod teardown" time="-1.717577499131E9">
    <skipped/>
  </testcase> <!-- @AfterMethod teardown -->
  <testcase classname="com.example.ParallelTest" name="testMethod1" time="0.0">
    <skipped/>
  </testcase> <!-- testMethod1 -->
  <testcase classname="com.example.ParallelTest" name="testMethod2" time="0.0">
    <skipped/>
  </testcase> <!-- testMethod2 -->
</testsuite> <!-- Test1 -->
